<?xml version="1.0" encoding="UTF-8"?>
<testsuite xmlns:xsi="http://www.w3.org/2001/XMLSchema-instance" xsi:noNamespaceSchemaLocation="https://maven.apache.org/surefire/maven-surefire-plugin/xsd/surefire-test-report-3.0.xsd" version="3.0" name="com.gl.JenkinsDemo.JenkinsDemoApplicationTests" time="3.295" tests="1" errors="0" skipped="0" failures="0">
  <properties>
    <property name="java.specification.version" value="17"/>
    <property name="sun.jnu.encoding" value="UTF-8"/>
    <property name="java.class.path" value="/home/asyedsaqib/syed/HCL_Feb_24_Phase-3/springboot/JenkinsDemo/target/test-classes:/home/asyedsaqib/syed/HCL_Feb_24_Phase-3/springboot/JenkinsDemo/target/classes:/home/asyedsaqib/.m2/repository/org/springframework/boot/spring-boot-starter/3.2.4/spring-boot-starter-3.2.4.jar:/home/asyedsaqib/.m2/repository/org/springframework/boot/spring-boot/3.2.4/spring-boot-3.2.4.jar:/home/asyedsaqib/.m2/repository/org/springframework/spring-context/6.1.5/spring-context-6.1.5.jar:/home/asyedsaqib/.m2/repository/org/springframework/spring-aop/6.1.5/spring-aop-6.1.5.jar:/home/asyedsaqib/.m2/repository/org/springframework/spring-beans/6.1.5/spring-beans-6.1.5.jar:/home/asyedsaqib/.m2/repository/org/springframework/spring-expression/6.1.5/spring-expression-6.1.5.jar:/home/asyedsaqib/.m2/repository/io/micrometer/micrometer-observation/1.12.4/micrometer-observation-1.12.4.jar:/home/asyedsaqib/.m2/repository/io/micrometer/micrometer-commons/1.12.4/micrometer-commons-1.12.4.jar:/home/asyedsaqib/.m2/repository/org/springframework/boot/spring-boot-autoconfigure/3.2.4/spring-boot-autoconfigure-3.2.4.jar:/home/asyedsaqib/.m2/repository/org/springframework/boot/spring-boot-starter-logging/3.2.4/spring-boot-starter-logging-3.2.4.jar:/home/asyedsaqib/.m2/repository/ch/qos/logback/logback-classic/1.4.14/logback-classic-1.4.14.jar:/home/asyedsaqib/.m2/repository/ch/qos/logback/logback-core/1.4.14/logback-core-1.4.14.jar:/home/asyedsaqib/.m2/repository/org/apache/logging/log4j/log4j-to-slf4j/2.21.1/log4j-to-slf4j-2.21.1.jar:/home/asyedsaqib/.m2/repository/org/apache/logging/log4j/log4j-api/2.21.1/log4j-api-2.21.1.jar:/home/asyedsaqib/.m2/repository/org/slf4j/jul-to-slf4j/2.0.12/jul-to-slf4j-2.0.12.jar:/home/asyedsaqib/.m2/repository/jakarta/annotation/jakarta.annotation-api/2.1.1/jakarta.annotation-api-2.1.1.jar:/home/asyedsaqib/.m2/repository/org/springframework/spring-core/6.1.5/spring-core-6.1.5.jar:/home/asyedsaqib/.m2/repository/org/springframework/spring-jcl/6.1.5/spring-jcl-6.1.5.jar:/home/asyedsaqib/.m2/repository/org/yaml/snakeyaml/2.2/snakeyaml-2.2.jar:/home/asyedsaqib/.m2/repository/org/springframework/boot/spring-boot-starter-test/3.2.4/spring-boot-starter-test-3.2.4.jar:/home/asyedsaqib/.m2/repository/org/springframework/boot/spring-boot-test/3.2.4/spring-boot-test-3.2.4.jar:/home/asyedsaqib/.m2/repository/org/springframework/boot/spring-boot-test-autoconfigure/3.2.4/spring-boot-test-autoconfigure-3.2.4.jar:/home/asyedsaqib/.m2/repository/com/jayway/jsonpath/json-path/2.9.0/json-path-2.9.0.jar:/home/asyedsaqib/.m2/repository/org/slf4j/slf4j-api/2.0.12/slf4j-api-2.0.12.jar:/home/asyedsaqib/.m2/repository/jakarta/xml/bind/jakarta.xml.bind-api/4.0.2/jakarta.xml.bind-api-4.0.2.jar:/home/asyedsaqib/.m2/repository/jakarta/activation/jakarta.activation-api/2.1.3/jakarta.activation-api-2.1.3.jar:/home/asyedsaqib/.m2/repository/net/minidev/json-smart/2.5.0/json-smart-2.5.0.jar:/home/asyedsaqib/.m2/repository/net/minidev/accessors-smart/2.5.0/accessors-smart-2.5.0.jar:/home/asyedsaqib/.m2/repository/org/ow2/asm/asm/9.3/asm-9.3.jar:/home/asyedsaqib/.m2/repository/org/assertj/assertj-core/3.24.2/assertj-core-3.24.2.jar:/home/asyedsaqib/.m2/repository/net/bytebuddy/byte-buddy/1.14.12/byte-buddy-1.14.12.jar:/home/asyedsaqib/.m2/repository/org/awaitility/awaitility/4.2.0/awaitility-4.2.0.jar:/home/asyedsaqib/.m2/repository/org/hamcrest/hamcrest/2.2/hamcrest-2.2.jar:/home/asyedsaqib/.m2/repository/org/junit/jupiter/junit-jupiter/5.10.2/junit-jupiter-5.10.2.jar:/home/asyedsaqib/.m2/repository/org/junit/jupiter/junit-jupiter-api/5.10.2/junit-jupiter-api-5.10.2.jar:/home/asyedsaqib/.m2/repository/org/opentest4j/opentest4j/1.3.0/opentest4j-1.3.0.jar:/home/asyedsaqib/.m2/repository/org/junit/platform/junit-platform-commons/1.10.2/junit-platform-commons-1.10.2.jar:/home/asyedsaqib/.m2/repository/org/apiguardian/apiguardian-api/1.1.2/apiguardian-api-1.1.2.jar:/home/asyedsaqib/.m2/repository/org/junit/jupiter/junit-jupiter-params/5.10.2/junit-jupiter-params-5.10.2.jar:/home/asyedsaqib/.m2/repository/org/junit/jupiter/junit-jupiter-engine/5.10.2/junit-jupiter-engine-5.10.2.jar:/home/asyedsaqib/.m2/repository/org/junit/platform/junit-platform-engine/1.10.2/junit-platform-engine-1.10.2.jar:/home/asyedsaqib/.m2/repository/org/mockito/mockito-core/5.7.0/mockito-core-5.7.0.jar:/home/asyedsaqib/.m2/repository/net/bytebuddy/byte-buddy-agent/1.14.12/byte-buddy-agent-1.14.12.jar:/home/asyedsaqib/.m2/repository/org/objenesis/objenesis/3.3/objenesis-3.3.jar:/home/asyedsaqib/.m2/repository/org/mockito/mockito-junit-jupiter/5.7.0/mockito-junit-jupiter-5.7.0.jar:/home/asyedsaqib/.m2/repository/org/skyscreamer/jsonassert/1.5.1/jsonassert-1.5.1.jar:/home/asyedsaqib/.m2/repository/com/vaadin/external/google/android-json/0.0.20131108.vaadin1/android-json-0.0.20131108.vaadin1.jar:/home/asyedsaqib/.m2/repository/org/springframework/spring-test/6.1.5/spring-test-6.1.5.jar:/home/asyedsaqib/.m2/repository/org/xmlunit/xmlunit-core/2.9.1/xmlunit-core-2.9.1.jar:"/>
    <property name="java.vm.vendor" value="Private Build"/>
    <property name="sun.arch.data.model" value="64"/>
    <property name="java.vendor.url" value="Unknown"/>
    <property name="user.timezone" value="Asia/Kolkata"/>
    <property name="os.name" value="Linux"/>
    <property name="java.vm.specification.version" value="17"/>
    <property name="sun.java.launcher" value="SUN_STANDARD"/>
    <property name="user.country" value="IN"/>
    <property name="sun.boot.library.path" value="/usr/lib/jvm/java-17-openjdk-amd64/lib"/>
    <property name="sun.java.command" value="/home/asyedsaqib/syed/HCL_Feb_24_Phase-3/springboot/JenkinsDemo/target/surefire/surefirebooter-20240327103734517_3.jar /home/asyedsaqib/syed/HCL_Feb_24_Phase-3/springboot/JenkinsDemo/target/surefire 2024-03-27T10-37-34_373-jvmRun1 surefire-20240327103734517_1tmp surefire_0-20240327103734517_2tmp"/>
    <property name="jdk.debug" value="release"/>
    <property name="surefire.test.class.path" value="/home/asyedsaqib/syed/HCL_Feb_24_Phase-3/springboot/JenkinsDemo/target/test-classes:/home/asyedsaqib/syed/HCL_Feb_24_Phase-3/springboot/JenkinsDemo/target/classes:/home/asyedsaqib/.m2/repository/org/springframework/boot/spring-boot-starter/3.2.4/spring-boot-starter-3.2.4.jar:/home/asyedsaqib/.m2/repository/org/springframework/boot/spring-boot/3.2.4/spring-boot-3.2.4.jar:/home/asyedsaqib/.m2/repository/org/springframework/spring-context/6.1.5/spring-context-6.1.5.jar:/home/asyedsaqib/.m2/repository/org/springframework/spring-aop/6.1.5/spring-aop-6.1.5.jar:/home/asyedsaqib/.m2/repository/org/springframework/spring-beans/6.1.5/spring-beans-6.1.5.jar:/home/asyedsaqib/.m2/repository/org/springframework/spring-expression/6.1.5/spring-expression-6.1.5.jar:/home/asyedsaqib/.m2/repository/io/micrometer/micrometer-observation/1.12.4/micrometer-observation-1.12.4.jar:/home/asyedsaqib/.m2/repository/io/micrometer/micrometer-commons/1.12.4/micrometer-commons-1.12.4.jar:/home/asyedsaqib/.m2/repository/org/springframework/boot/spring-boot-autoconfigure/3.2.4/spring-boot-autoconfigure-3.2.4.jar:/home/asyedsaqib/.m2/repository/org/springframework/boot/spring-boot-starter-logging/3.2.4/spring-boot-starter-logging-3.2.4.jar:/home/asyedsaqib/.m2/repository/ch/qos/logback/logback-classic/1.4.14/logback-classic-1.4.14.jar:/home/asyedsaqib/.m2/repository/ch/qos/logback/logback-core/1.4.14/logback-core-1.4.14.jar:/home/asyedsaqib/.m2/repository/org/apache/logging/log4j/log4j-to-slf4j/2.21.1/log4j-to-slf4j-2.21.1.jar:/home/asyedsaqib/.m2/repository/org/apache/logging/log4j/log4j-api/2.21.1/log4j-api-2.21.1.jar:/home/asyedsaqib/.m2/repository/org/slf4j/jul-to-slf4j/2.0.12/jul-to-slf4j-2.0.12.jar:/home/asyedsaqib/.m2/repository/jakarta/annotation/jakarta.annotation-api/2.1.1/jakarta.annotation-api-2.1.1.jar:/home/asyedsaqib/.m2/repository/org/springframework/spring-core/6.1.5/spring-core-6.1.5.jar:/home/asyedsaqib/.m2/repository/org/springframework/spring-jcl/6.1.5/spring-jcl-6.1.5.jar:/home/asyedsaqib/.m2/repository/org/yaml/snakeyaml/2.2/snakeyaml-2.2.jar:/home/asyedsaqib/.m2/repository/org/springframework/boot/spring-boot-starter-test/3.2.4/spring-boot-starter-test-3.2.4.jar:/home/asyedsaqib/.m2/repository/org/springframework/boot/spring-boot-test/3.2.4/spring-boot-test-3.2.4.jar:/home/asyedsaqib/.m2/repository/org/springframework/boot/spring-boot-test-autoconfigure/3.2.4/spring-boot-test-autoconfigure-3.2.4.jar:/home/asyedsaqib/.m2/repository/com/jayway/jsonpath/json-path/2.9.0/json-path-2.9.0.jar:/home/asyedsaqib/.m2/repository/org/slf4j/slf4j-api/2.0.12/slf4j-api-2.0.12.jar:/home/asyedsaqib/.m2/repository/jakarta/xml/bind/jakarta.xml.bind-api/4.0.2/jakarta.xml.bind-api-4.0.2.jar:/home/asyedsaqib/.m2/repository/jakarta/activation/jakarta.activation-api/2.1.3/jakarta.activation-api-2.1.3.jar:/home/asyedsaqib/.m2/repository/net/minidev/json-smart/2.5.0/json-smart-2.5.0.jar:/home/asyedsaqib/.m2/repository/net/minidev/accessors-smart/2.5.0/accessors-smart-2.5.0.jar:/home/asyedsaqib/.m2/repository/org/ow2/asm/asm/9.3/asm-9.3.jar:/home/asyedsaqib/.m2/repository/org/assertj/assertj-core/3.24.2/assertj-core-3.24.2.jar:/home/asyedsaqib/.m2/repository/net/bytebuddy/byte-buddy/1.14.12/byte-buddy-1.14.12.jar:/home/asyedsaqib/.m2/repository/org/awaitility/awaitility/4.2.0/awaitility-4.2.0.jar:/home/asyedsaqib/.m2/repository/org/hamcrest/hamcrest/2.2/hamcrest-2.2.jar:/home/asyedsaqib/.m2/repository/org/junit/jupiter/junit-jupiter/5.10.2/junit-jupiter-5.10.2.jar:/home/asyedsaqib/.m2/repository/org/junit/jupiter/junit-jupiter-api/5.10.2/junit-jupiter-api-5.10.2.jar:/home/asyedsaqib/.m2/repository/org/opentest4j/opentest4j/1.3.0/opentest4j-1.3.0.jar:/home/asyedsaqib/.m2/repository/org/junit/platform/junit-platform-commons/1.10.2/junit-platform-commons-1.10.2.jar:/home/asyedsaqib/.m2/repository/org/apiguardian/apiguardian-api/1.1.2/apiguardian-api-1.1.2.jar:/home/asyedsaqib/.m2/repository/org/junit/jupiter/junit-jupiter-params/5.10.2/junit-jupiter-params-5.10.2.jar:/home/asyedsaqib/.m2/repository/org/junit/jupiter/junit-jupiter-engine/5.10.2/junit-jupiter-engine-5.10.2.jar:/home/asyedsaqib/.m2/repository/org/junit/platform/junit-platform-engine/1.10.2/junit-platform-engine-1.10.2.jar:/home/asyedsaqib/.m2/repository/org/mockito/mockito-core/5.7.0/mockito-core-5.7.0.jar:/home/asyedsaqib/.m2/repository/net/bytebuddy/byte-buddy-agent/1.14.12/byte-buddy-agent-1.14.12.jar:/home/asyedsaqib/.m2/repository/org/objenesis/objenesis/3.3/objenesis-3.3.jar:/home/asyedsaqib/.m2/repository/org/mockito/mockito-junit-jupiter/5.7.0/mockito-junit-jupiter-5.7.0.jar:/home/asyedsaqib/.m2/repository/org/skyscreamer/jsonassert/1.5.1/jsonassert-1.5.1.jar:/home/asyedsaqib/.m2/repository/com/vaadin/external/google/android-json/0.0.20131108.vaadin1/android-json-0.0.20131108.vaadin1.jar:/home/asyedsaqib/.m2/repository/org/springframework/spring-test/6.1.5/spring-test-6.1.5.jar:/home/asyedsaqib/.m2/repository/org/xmlunit/xmlunit-core/2.9.1/xmlunit-core-2.9.1.jar:"/>
    <property name="sun.cpu.endian" value="little"/>
    <property name="user.home" value="/home/asyedsaqib"/>
    <property name="user.language" value="en"/>
    <property name="java.specification.vendor" value="Oracle Corporation"/>
    <property name="java.version.date" value="2024-01-16"/>
    <property name="java.home" value="/usr/lib/jvm/java-17-openjdk-amd64"/>
    <property name="file.separator" value="/"/>
    <property name="basedir" value="/home/asyedsaqib/syed/HCL_Feb_24_Phase-3/springboot/JenkinsDemo"/>
    <property name="java.vm.compressedOopsMode" value="32-bit"/>
    <property name="line.separator" value="&#10;"/>
    <property name="java.specification.name" value="Java Platform API Specification"/>
    <property name="java.vm.specification.vendor" value="Oracle Corporation"/>
    <property name="FILE_LOG_CHARSET" value="UTF-8"/>
    <property name="java.awt.headless" value="true"/>
    <property name="surefire.real.class.path" value="/home/asyedsaqib/syed/HCL_Feb_24_Phase-3/springboot/JenkinsDemo/target/surefire/surefirebooter-20240327103734517_3.jar"/>
    <property name="sun.management.compiler" value="HotSpot 64-Bit Tiered Compilers"/>
    <property name="java.runtime.version" value="17.0.10+7-Ubuntu-120.04.1"/>
    <property name="user.name" value="asyedsaqib"/>
    <property name="path.separator" value=":"/>
    <property name="os.version" value="5.15.0-101-generic"/>
    <property name="java.runtime.name" value="OpenJDK Runtime Environment"/>
    <property name="file.encoding" value="UTF-8"/>
    <property name="java.vm.name" value="OpenJDK 64-Bit Server VM"/>
    <property name="localRepository" value="/home/asyedsaqib/.m2/repository"/>
    <property name="java.vendor.url.bug" value="Unknown"/>
    <property name="java.io.tmpdir" value="/tmp"/>
    <property name="java.version" value="17.0.10"/>
    <property name="user.dir" value="/home/asyedsaqib/syed/HCL_Feb_24_Phase-3/springboot/JenkinsDemo"/>
    <property name="os.arch" value="amd64"/>
    <property name="java.vm.specification.name" value="Java Virtual Machine Specification"/>
    <property name="PID" value="11959"/>
    <property name="CONSOLE_LOG_CHARSET" value="UTF-8"/>
    <property name="native.encoding" value="UTF-8"/>
    <property name="java.library.path" value="/usr/java/packages/lib:/usr/lib/x86_64-linux-gnu/jni:/lib/x86_64-linux-gnu:/usr/lib/x86_64-linux-gnu:/usr/lib/jni:/lib:/usr/lib"/>
    <property name="java.vm.info" value="mixed mode, sharing"/>
    <property name="java.vendor" value="Private Build"/>
    <property name="java.vm.version" value="17.0.10+7-Ubuntu-120.04.1"/>
    <property name="sun.io.unicode.encoding" value="UnicodeLittle"/>
    <property name="java.class.version" value="61.0"/>
    <property name="LOGGED_APPLICATION_NAME" value="[JenkinsDemo] "/>
  </properties>
  <testcase name="contextLoads" classname="com.gl.JenkinsDemo.JenkinsDemoApplicationTests" time="1.581">
    <system-out><![CDATA[10:37:35.627 [main] INFO org.springframework.test.context.support.AnnotationConfigContextLoaderUtils -- Could not detect default configuration classes for test class [com.gl.JenkinsDemo.JenkinsDemoApplicationTests]: JenkinsDemoApplicationTests does not declare any static, non-private, non-final, nested classes annotated with @Configuration.
10:37:35.769 [main] INFO org.springframework.boot.test.context.SpringBootTestContextBootstrapper -- Found @SpringBootConfiguration com.gl.JenkinsDemo.JenkinsDemoApplication for test class com.gl.JenkinsDemo.JenkinsDemoApplicationTests

  .   ____          _            __ _ _
 /\\ / ___'_ __ _ _(_)_ __  __ _ \ \ \ \
( ( )\___ | '_ | '_| | '_ \/ _` | \ \ \ \
 \\/  ___)| |_)| | | | | || (_| |  ) ) ) )
  '  |____| .__|_| |_|_| |_\__, | / / / /
 =========|_|==============|___/=/_/_/_/
 :: Spring Boot ::                (v3.2.4)

2024-03-27T10:37:36.306+05:30  INFO 11959 --- [JenkinsDemo] [           main] c.g.J.JenkinsDemoApplicationTests        : Starting JenkinsDemoApplicationTests using Java 17.0.10 with PID 11959 (started by asyedsaqib in /home/asyedsaqib/syed/HCL_Feb_24_Phase-3/springboot/JenkinsDemo)
2024-03-27T10:37:36.309+05:30  INFO 11959 --- [JenkinsDemo] [           main] c.g.J.JenkinsDemoApplicationTests        : No active profile set, falling back to 1 default profile: "default"
2024-03-27T10:37:37.060+05:30  INFO 11959 --- [JenkinsDemo] [           main] c.g.J.JenkinsDemoApplicationTests        : Started JenkinsDemoApplicationTests in 1.118 seconds (process running for 2.458)
]]></system-out>
  </testcase>
</testsuite>